INFO: [VRFC 10-163] Analyzing VHDL file "/home/brainiarc7/designs/vcu_trd/vcu_trd.srcs/sources_1/bd/vcu_trd/ip/vcu_trd_rst_ps8_0_99M_0/sim/vcu_trd_rst_ps8_0_99M_0.vhd" into library xil_defaultlib
INFO: [VRFC 10-307] analyzing entity vcu_trd_rst_ps8_0_99M_0
INFO: [VRFC 10-163] Analyzing VHDL file "/home/brainiarc7/designs/vcu_trd/vcu_trd.srcs/sources_1/bd/vcu_trd/ip/vcu_trd_clk_wiz_0/proc_common_v3_00_a/hdl/src/vhdl/vcu_trd_clk_wiz_0_conv_funs_pkg.vhd" into library xil_defaultlib
INFO: [VRFC 10-163] Analyzing VHDL file "/home/brainiarc7/designs/vcu_trd/vcu_trd.srcs/sources_1/bd/vcu_trd/ip/vcu_trd_clk_wiz_0/proc_common_v3_00_a/hdl/src/vhdl/vcu_trd_clk_wiz_0_proc_common_pkg.vhd" into library xil_defaultlib
INFO: [VRFC 10-163] Analyzing VHDL file "/home/brainiarc7/designs/vcu_trd/vcu_trd.srcs/sources_1/bd/vcu_trd/ip/vcu_trd_clk_wiz_0/proc_common_v3_00_a/hdl/src/vhdl/vcu_trd_clk_wiz_0_ipif_pkg.vhd" into library xil_defaultlib
INFO: [VRFC 10-163] Analyzing VHDL file "/home/brainiarc7/designs/vcu_trd/vcu_trd.srcs/sources_1/bd/vcu_trd/ip/vcu_trd_clk_wiz_0/proc_common_v3_00_a/hdl/src/vhdl/vcu_trd_clk_wiz_0_family_support.vhd" into library xil_defaultlib
INFO: [VRFC 10-163] Analyzing VHDL file "/home/brainiarc7/designs/vcu_trd/vcu_trd.srcs/sources_1/bd/vcu_trd/ip/vcu_trd_clk_wiz_0/proc_common_v3_00_a/hdl/src/vhdl/vcu_trd_clk_wiz_0_family.vhd" into library xil_defaultlib
INFO: [VRFC 10-163] Analyzing VHDL file "/home/brainiarc7/designs/vcu_trd/vcu_trd.srcs/sources_1/bd/vcu_trd/ip/vcu_trd_clk_wiz_0/proc_common_v3_00_a/hdl/src/vhdl/vcu_trd_clk_wiz_0_soft_reset.vhd" into library xil_defaultlib
INFO: [VRFC 10-307] analyzing entity vcu_trd_clk_wiz_0_soft_reset
INFO: [VRFC 10-163] Analyzing VHDL file "/home/brainiarc7/designs/vcu_trd/vcu_trd.srcs/sources_1/bd/vcu_trd/ip/vcu_trd_clk_wiz_0/proc_common_v3_00_a/hdl/src/vhdl/vcu_trd_clk_wiz_0_pselect_f.vhd" into library xil_defaultlib
INFO: [VRFC 10-307] analyzing entity vcu_trd_clk_wiz_0_pselect_f
INFO: [VRFC 10-163] Analyzing VHDL file "/home/brainiarc7/designs/vcu_trd/vcu_trd.srcs/sources_1/bd/vcu_trd/ip/vcu_trd_clk_wiz_0/axi_lite_ipif_v1_01_a/hdl/src/vhdl/vcu_trd_clk_wiz_0_address_decoder.vhd" into library xil_defaultlib
INFO: [VRFC 10-307] analyzing entity vcu_trd_clk_wiz_0_address_decoder
INFO: [VRFC 10-163] Analyzing VHDL file "/home/brainiarc7/designs/vcu_trd/vcu_trd.srcs/sources_1/bd/vcu_trd/ip/vcu_trd_clk_wiz_0/axi_lite_ipif_v1_01_a/hdl/src/vhdl/vcu_trd_clk_wiz_0_slave_attachment.vhd" into library xil_defaultlib
INFO: [VRFC 10-307] analyzing entity vcu_trd_clk_wiz_0_slave_attachment
INFO: [VRFC 10-163] Analyzing VHDL file "/home/brainiarc7/designs/vcu_trd/vcu_trd.srcs/sources_1/bd/vcu_trd/ip/vcu_trd_clk_wiz_0/axi_lite_ipif_v1_01_a/hdl/src/vhdl/vcu_trd_clk_wiz_0_axi_lite_ipif.vhd" into library xil_defaultlib
INFO: [VRFC 10-307] analyzing entity vcu_trd_clk_wiz_0_axi_lite_ipif
INFO: [VRFC 10-163] Analyzing VHDL file "/home/brainiarc7/designs/vcu_trd/vcu_trd.srcs/sources_1/bd/vcu_trd/ip/vcu_trd_clk_wiz_0/vcu_trd_clk_wiz_0_clk_wiz_drp.vhd" into library xil_defaultlib
INFO: [VRFC 10-307] analyzing entity vcu_trd_clk_wiz_0_clk_wiz_drp
INFO: [VRFC 10-163] Analyzing VHDL file "/home/brainiarc7/designs/vcu_trd/vcu_trd.srcs/sources_1/bd/vcu_trd/ip/vcu_trd_clk_wiz_0/vcu_trd_clk_wiz_0_axi_clk_config.vhd" into library xil_defaultlib
INFO: [VRFC 10-307] analyzing entity vcu_trd_clk_wiz_0_axi_clk_config
INFO: [VRFC 10-163] Analyzing VHDL file "/home/brainiarc7/designs/vcu_trd/vcu_trd.srcs/sources_1/bd/vcu_trd/ip/vcu_trd_clk_wiz_1_0/proc_common_v3_00_a/hdl/src/vhdl/vcu_trd_clk_wiz_1_0_conv_funs_pkg.vhd" into library xil_defaultlib
INFO: [VRFC 10-163] Analyzing VHDL file "/home/brainiarc7/designs/vcu_trd/vcu_trd.srcs/sources_1/bd/vcu_trd/ip/vcu_trd_clk_wiz_1_0/proc_common_v3_00_a/hdl/src/vhdl/vcu_trd_clk_wiz_1_0_proc_common_pkg.vhd" into library xil_defaultlib
INFO: [VRFC 10-163] Analyzing VHDL file "/home/brainiarc7/designs/vcu_trd/vcu_trd.srcs/sources_1/bd/vcu_trd/ip/vcu_trd_clk_wiz_1_0/proc_common_v3_00_a/hdl/src/vhdl/vcu_trd_clk_wiz_1_0_ipif_pkg.vhd" into library xil_defaultlib
INFO: [VRFC 10-163] Analyzing VHDL file "/home/brainiarc7/designs/vcu_trd/vcu_trd.srcs/sources_1/bd/vcu_trd/ip/vcu_trd_clk_wiz_1_0/proc_common_v3_00_a/hdl/src/vhdl/vcu_trd_clk_wiz_1_0_family_support.vhd" into library xil_defaultlib
INFO: [VRFC 10-163] Analyzing VHDL file "/home/brainiarc7/designs/vcu_trd/vcu_trd.srcs/sources_1/bd/vcu_trd/ip/vcu_trd_clk_wiz_1_0/proc_common_v3_00_a/hdl/src/vhdl/vcu_trd_clk_wiz_1_0_family.vhd" into library xil_defaultlib
INFO: [VRFC 10-163] Analyzing VHDL file "/home/brainiarc7/designs/vcu_trd/vcu_trd.srcs/sources_1/bd/vcu_trd/ip/vcu_trd_clk_wiz_1_0/proc_common_v3_00_a/hdl/src/vhdl/vcu_trd_clk_wiz_1_0_soft_reset.vhd" into library xil_defaultlib
INFO: [VRFC 10-307] analyzing entity vcu_trd_clk_wiz_1_0_soft_reset
INFO: [VRFC 10-163] Analyzing VHDL file "/home/brainiarc7/designs/vcu_trd/vcu_trd.srcs/sources_1/bd/vcu_trd/ip/vcu_trd_clk_wiz_1_0/proc_common_v3_00_a/hdl/src/vhdl/vcu_trd_clk_wiz_1_0_pselect_f.vhd" into library xil_defaultlib
INFO: [VRFC 10-307] analyzing entity vcu_trd_clk_wiz_1_0_pselect_f
INFO: [VRFC 10-163] Analyzing VHDL file "/home/brainiarc7/designs/vcu_trd/vcu_trd.srcs/sources_1/bd/vcu_trd/ip/vcu_trd_clk_wiz_1_0/axi_lite_ipif_v1_01_a/hdl/src/vhdl/vcu_trd_clk_wiz_1_0_address_decoder.vhd" into library xil_defaultlib
INFO: [VRFC 10-307] analyzing entity vcu_trd_clk_wiz_1_0_address_decoder
INFO: [VRFC 10-163] Analyzing VHDL file "/home/brainiarc7/designs/vcu_trd/vcu_trd.srcs/sources_1/bd/vcu_trd/ip/vcu_trd_clk_wiz_1_0/axi_lite_ipif_v1_01_a/hdl/src/vhdl/vcu_trd_clk_wiz_1_0_slave_attachment.vhd" into library xil_defaultlib
INFO: [VRFC 10-307] analyzing entity vcu_trd_clk_wiz_1_0_slave_attachment
INFO: [VRFC 10-163] Analyzing VHDL file "/home/brainiarc7/designs/vcu_trd/vcu_trd.srcs/sources_1/bd/vcu_trd/ip/vcu_trd_clk_wiz_1_0/axi_lite_ipif_v1_01_a/hdl/src/vhdl/vcu_trd_clk_wiz_1_0_axi_lite_ipif.vhd" into library xil_defaultlib
INFO: [VRFC 10-307] analyzing entity vcu_trd_clk_wiz_1_0_axi_lite_ipif
INFO: [VRFC 10-163] Analyzing VHDL file "/home/brainiarc7/designs/vcu_trd/vcu_trd.srcs/sources_1/bd/vcu_trd/ip/vcu_trd_clk_wiz_1_0/vcu_trd_clk_wiz_1_0_clk_wiz_drp.vhd" into library xil_defaultlib
INFO: [VRFC 10-307] analyzing entity vcu_trd_clk_wiz_1_0_clk_wiz_drp
INFO: [VRFC 10-163] Analyzing VHDL file "/home/brainiarc7/designs/vcu_trd/vcu_trd.srcs/sources_1/bd/vcu_trd/ip/vcu_trd_clk_wiz_1_0/vcu_trd_clk_wiz_1_0_axi_clk_config.vhd" into library xil_defaultlib
INFO: [VRFC 10-307] analyzing entity vcu_trd_clk_wiz_1_0_axi_clk_config
INFO: [VRFC 10-163] Analyzing VHDL file "/home/brainiarc7/designs/vcu_trd/vcu_trd.srcs/sources_1/bd/vcu_trd/ip/vcu_trd_clk_wiz_2_0/proc_common_v3_00_a/hdl/src/vhdl/vcu_trd_clk_wiz_2_0_conv_funs_pkg.vhd" into library xil_defaultlib
INFO: [VRFC 10-163] Analyzing VHDL file "/home/brainiarc7/designs/vcu_trd/vcu_trd.srcs/sources_1/bd/vcu_trd/ip/vcu_trd_clk_wiz_2_0/proc_common_v3_00_a/hdl/src/vhdl/vcu_trd_clk_wiz_2_0_proc_common_pkg.vhd" into library xil_defaultlib
INFO: [VRFC 10-163] Analyzing VHDL file "/home/brainiarc7/designs/vcu_trd/vcu_trd.srcs/sources_1/bd/vcu_trd/ip/vcu_trd_clk_wiz_2_0/proc_common_v3_00_a/hdl/src/vhdl/vcu_trd_clk_wiz_2_0_ipif_pkg.vhd" into library xil_defaultlib
INFO: [VRFC 10-163] Analyzing VHDL file "/home/brainiarc7/designs/vcu_trd/vcu_trd.srcs/sources_1/bd/vcu_trd/ip/vcu_trd_clk_wiz_2_0/proc_common_v3_00_a/hdl/src/vhdl/vcu_trd_clk_wiz_2_0_family_support.vhd" into library xil_defaultlib
INFO: [VRFC 10-163] Analyzing VHDL file "/home/brainiarc7/designs/vcu_trd/vcu_trd.srcs/sources_1/bd/vcu_trd/ip/vcu_trd_clk_wiz_2_0/proc_common_v3_00_a/hdl/src/vhdl/vcu_trd_clk_wiz_2_0_family.vhd" into library xil_defaultlib
INFO: [VRFC 10-163] Analyzing VHDL file "/home/brainiarc7/designs/vcu_trd/vcu_trd.srcs/sources_1/bd/vcu_trd/ip/vcu_trd_clk_wiz_2_0/proc_common_v3_00_a/hdl/src/vhdl/vcu_trd_clk_wiz_2_0_soft_reset.vhd" into library xil_defaultlib
INFO: [VRFC 10-307] analyzing entity vcu_trd_clk_wiz_2_0_soft_reset
INFO: [VRFC 10-163] Analyzing VHDL file "/home/brainiarc7/designs/vcu_trd/vcu_trd.srcs/sources_1/bd/vcu_trd/ip/vcu_trd_clk_wiz_2_0/proc_common_v3_00_a/hdl/src/vhdl/vcu_trd_clk_wiz_2_0_pselect_f.vhd" into library xil_defaultlib
INFO: [VRFC 10-307] analyzing entity vcu_trd_clk_wiz_2_0_pselect_f
INFO: [VRFC 10-163] Analyzing VHDL file "/home/brainiarc7/designs/vcu_trd/vcu_trd.srcs/sources_1/bd/vcu_trd/ip/vcu_trd_clk_wiz_2_0/axi_lite_ipif_v1_01_a/hdl/src/vhdl/vcu_trd_clk_wiz_2_0_address_decoder.vhd" into library xil_defaultlib
INFO: [VRFC 10-307] analyzing entity vcu_trd_clk_wiz_2_0_address_decoder
INFO: [VRFC 10-163] Analyzing VHDL file "/home/brainiarc7/designs/vcu_trd/vcu_trd.srcs/sources_1/bd/vcu_trd/ip/vcu_trd_clk_wiz_2_0/axi_lite_ipif_v1_01_a/hdl/src/vhdl/vcu_trd_clk_wiz_2_0_slave_attachment.vhd" into library xil_defaultlib
INFO: [VRFC 10-307] analyzing entity vcu_trd_clk_wiz_2_0_slave_attachment
INFO: [VRFC 10-163] Analyzing VHDL file "/home/brainiarc7/designs/vcu_trd/vcu_trd.srcs/sources_1/bd/vcu_trd/ip/vcu_trd_clk_wiz_2_0/axi_lite_ipif_v1_01_a/hdl/src/vhdl/vcu_trd_clk_wiz_2_0_axi_lite_ipif.vhd" into library xil_defaultlib
INFO: [VRFC 10-307] analyzing entity vcu_trd_clk_wiz_2_0_axi_lite_ipif
INFO: [VRFC 10-163] Analyzing VHDL file "/home/brainiarc7/designs/vcu_trd/vcu_trd.srcs/sources_1/bd/vcu_trd/ip/vcu_trd_clk_wiz_2_0/vcu_trd_clk_wiz_2_0_clk_wiz_drp.vhd" into library xil_defaultlib
INFO: [VRFC 10-307] analyzing entity vcu_trd_clk_wiz_2_0_clk_wiz_drp
INFO: [VRFC 10-163] Analyzing VHDL file "/home/brainiarc7/designs/vcu_trd/vcu_trd.srcs/sources_1/bd/vcu_trd/ip/vcu_trd_clk_wiz_2_0/vcu_trd_clk_wiz_2_0_axi_clk_config.vhd" into library xil_defaultlib
INFO: [VRFC 10-307] analyzing entity vcu_trd_clk_wiz_2_0_axi_clk_config
INFO: [VRFC 10-163] Analyzing VHDL file "/home/brainiarc7/designs/vcu_trd/vcu_trd.srcs/sources_1/bd/vcu_trd/ip/vcu_trd_clk_wiz_3_0/proc_common_v3_00_a/hdl/src/vhdl/vcu_trd_clk_wiz_3_0_conv_funs_pkg.vhd" into library xil_defaultlib
INFO: [VRFC 10-163] Analyzing VHDL file "/home/brainiarc7/designs/vcu_trd/vcu_trd.srcs/sources_1/bd/vcu_trd/ip/vcu_trd_clk_wiz_3_0/proc_common_v3_00_a/hdl/src/vhdl/vcu_trd_clk_wiz_3_0_proc_common_pkg.vhd" into library xil_defaultlib
INFO: [VRFC 10-163] Analyzing VHDL file "/home/brainiarc7/designs/vcu_trd/vcu_trd.srcs/sources_1/bd/vcu_trd/ip/vcu_trd_clk_wiz_3_0/proc_common_v3_00_a/hdl/src/vhdl/vcu_trd_clk_wiz_3_0_ipif_pkg.vhd" into library xil_defaultlib
INFO: [VRFC 10-163] Analyzing VHDL file "/home/brainiarc7/designs/vcu_trd/vcu_trd.srcs/sources_1/bd/vcu_trd/ip/vcu_trd_clk_wiz_3_0/proc_common_v3_00_a/hdl/src/vhdl/vcu_trd_clk_wiz_3_0_family_support.vhd" into library xil_defaultlib
INFO: [VRFC 10-163] Analyzing VHDL file "/home/brainiarc7/designs/vcu_trd/vcu_trd.srcs/sources_1/bd/vcu_trd/ip/vcu_trd_clk_wiz_3_0/proc_common_v3_00_a/hdl/src/vhdl/vcu_trd_clk_wiz_3_0_family.vhd" into library xil_defaultlib
INFO: [VRFC 10-163] Analyzing VHDL file "/home/brainiarc7/designs/vcu_trd/vcu_trd.srcs/sources_1/bd/vcu_trd/ip/vcu_trd_clk_wiz_3_0/proc_common_v3_00_a/hdl/src/vhdl/vcu_trd_clk_wiz_3_0_soft_reset.vhd" into library xil_defaultlib
INFO: [VRFC 10-307] analyzing entity vcu_trd_clk_wiz_3_0_soft_reset
INFO: [VRFC 10-163] Analyzing VHDL file "/home/brainiarc7/designs/vcu_trd/vcu_trd.srcs/sources_1/bd/vcu_trd/ip/vcu_trd_clk_wiz_3_0/proc_common_v3_00_a/hdl/src/vhdl/vcu_trd_clk_wiz_3_0_pselect_f.vhd" into library xil_defaultlib
INFO: [VRFC 10-307] analyzing entity vcu_trd_clk_wiz_3_0_pselect_f
INFO: [VRFC 10-163] Analyzing VHDL file "/home/brainiarc7/designs/vcu_trd/vcu_trd.srcs/sources_1/bd/vcu_trd/ip/vcu_trd_clk_wiz_3_0/axi_lite_ipif_v1_01_a/hdl/src/vhdl/vcu_trd_clk_wiz_3_0_address_decoder.vhd" into library xil_defaultlib
INFO: [VRFC 10-307] analyzing entity vcu_trd_clk_wiz_3_0_address_decoder
INFO: [VRFC 10-163] Analyzing VHDL file "/home/brainiarc7/designs/vcu_trd/vcu_trd.srcs/sources_1/bd/vcu_trd/ip/vcu_trd_clk_wiz_3_0/axi_lite_ipif_v1_01_a/hdl/src/vhdl/vcu_trd_clk_wiz_3_0_slave_attachment.vhd" into library xil_defaultlib
INFO: [VRFC 10-307] analyzing entity vcu_trd_clk_wiz_3_0_slave_attachment
INFO: [VRFC 10-163] Analyzing VHDL file "/home/brainiarc7/designs/vcu_trd/vcu_trd.srcs/sources_1/bd/vcu_trd/ip/vcu_trd_clk_wiz_3_0/axi_lite_ipif_v1_01_a/hdl/src/vhdl/vcu_trd_clk_wiz_3_0_axi_lite_ipif.vhd" into library xil_defaultlib
INFO: [VRFC 10-307] analyzing entity vcu_trd_clk_wiz_3_0_axi_lite_ipif
INFO: [VRFC 10-163] Analyzing VHDL file "/home/brainiarc7/designs/vcu_trd/vcu_trd.srcs/sources_1/bd/vcu_trd/ip/vcu_trd_clk_wiz_3_0/vcu_trd_clk_wiz_3_0_clk_wiz_drp.vhd" into library xil_defaultlib
INFO: [VRFC 10-307] analyzing entity vcu_trd_clk_wiz_3_0_clk_wiz_drp
INFO: [VRFC 10-163] Analyzing VHDL file "/home/brainiarc7/designs/vcu_trd/vcu_trd.srcs/sources_1/bd/vcu_trd/ip/vcu_trd_clk_wiz_3_0/vcu_trd_clk_wiz_3_0_axi_clk_config.vhd" into library xil_defaultlib
INFO: [VRFC 10-307] analyzing entity vcu_trd_clk_wiz_3_0_axi_clk_config
INFO: [VRFC 10-163] Analyzing VHDL file "/home/brainiarc7/designs/vcu_trd/vcu_trd.srcs/sources_1/bd/vcu_trd/ip/vcu_trd_proc_sys_reset_vcu_0_0/sim/vcu_trd_proc_sys_reset_vcu_0_0.vhd" into library xil_defaultlib
INFO: [VRFC 10-307] analyzing entity vcu_trd_proc_sys_reset_vcu_0_0
INFO: [VRFC 10-163] Analyzing VHDL file "/home/brainiarc7/designs/vcu_trd/vcu_trd.srcs/sources_1/bd/vcu_trd/ip/vcu_trd_proc_sys_reset_vcu_1_0/sim/vcu_trd_proc_sys_reset_vcu_1_0.vhd" into library xil_defaultlib
INFO: [VRFC 10-307] analyzing entity vcu_trd_proc_sys_reset_vcu_1_0
INFO: [VRFC 10-163] Analyzing VHDL file "/home/brainiarc7/designs/vcu_trd/vcu_trd.srcs/sources_1/bd/vcu_trd/ip/vcu_trd_clk_wiz_5_0/proc_common_v3_00_a/hdl/src/vhdl/vcu_trd_clk_wiz_5_0_conv_funs_pkg.vhd" into library xil_defaultlib
INFO: [VRFC 10-163] Analyzing VHDL file "/home/brainiarc7/designs/vcu_trd/vcu_trd.srcs/sources_1/bd/vcu_trd/ip/vcu_trd_clk_wiz_5_0/proc_common_v3_00_a/hdl/src/vhdl/vcu_trd_clk_wiz_5_0_proc_common_pkg.vhd" into library xil_defaultlib
INFO: [VRFC 10-163] Analyzing VHDL file "/home/brainiarc7/designs/vcu_trd/vcu_trd.srcs/sources_1/bd/vcu_trd/ip/vcu_trd_clk_wiz_5_0/proc_common_v3_00_a/hdl/src/vhdl/vcu_trd_clk_wiz_5_0_ipif_pkg.vhd" into library xil_defaultlib
INFO: [VRFC 10-163] Analyzing VHDL file "/home/brainiarc7/designs/vcu_trd/vcu_trd.srcs/sources_1/bd/vcu_trd/ip/vcu_trd_clk_wiz_5_0/proc_common_v3_00_a/hdl/src/vhdl/vcu_trd_clk_wiz_5_0_family_support.vhd" into library xil_defaultlib
INFO: [VRFC 10-163] Analyzing VHDL file "/home/brainiarc7/designs/vcu_trd/vcu_trd.srcs/sources_1/bd/vcu_trd/ip/vcu_trd_clk_wiz_5_0/proc_common_v3_00_a/hdl/src/vhdl/vcu_trd_clk_wiz_5_0_family.vhd" into library xil_defaultlib
INFO: [VRFC 10-163] Analyzing VHDL file "/home/brainiarc7/designs/vcu_trd/vcu_trd.srcs/sources_1/bd/vcu_trd/ip/vcu_trd_clk_wiz_5_0/proc_common_v3_00_a/hdl/src/vhdl/vcu_trd_clk_wiz_5_0_soft_reset.vhd" into library xil_defaultlib
INFO: [VRFC 10-307] analyzing entity vcu_trd_clk_wiz_5_0_soft_reset
INFO: [VRFC 10-163] Analyzing VHDL file "/home/brainiarc7/designs/vcu_trd/vcu_trd.srcs/sources_1/bd/vcu_trd/ip/vcu_trd_clk_wiz_5_0/proc_common_v3_00_a/hdl/src/vhdl/vcu_trd_clk_wiz_5_0_pselect_f.vhd" into library xil_defaultlib
INFO: [VRFC 10-307] analyzing entity vcu_trd_clk_wiz_5_0_pselect_f
INFO: [VRFC 10-163] Analyzing VHDL file "/home/brainiarc7/designs/vcu_trd/vcu_trd.srcs/sources_1/bd/vcu_trd/ip/vcu_trd_clk_wiz_5_0/axi_lite_ipif_v1_01_a/hdl/src/vhdl/vcu_trd_clk_wiz_5_0_address_decoder.vhd" into library xil_defaultlib
INFO: [VRFC 10-307] analyzing entity vcu_trd_clk_wiz_5_0_address_decoder
INFO: [VRFC 10-163] Analyzing VHDL file "/home/brainiarc7/designs/vcu_trd/vcu_trd.srcs/sources_1/bd/vcu_trd/ip/vcu_trd_clk_wiz_5_0/axi_lite_ipif_v1_01_a/hdl/src/vhdl/vcu_trd_clk_wiz_5_0_slave_attachment.vhd" into library xil_defaultlib
INFO: [VRFC 10-307] analyzing entity vcu_trd_clk_wiz_5_0_slave_attachment
INFO: [VRFC 10-163] Analyzing VHDL file "/home/brainiarc7/designs/vcu_trd/vcu_trd.srcs/sources_1/bd/vcu_trd/ip/vcu_trd_clk_wiz_5_0/axi_lite_ipif_v1_01_a/hdl/src/vhdl/vcu_trd_clk_wiz_5_0_axi_lite_ipif.vhd" into library xil_defaultlib
INFO: [VRFC 10-307] analyzing entity vcu_trd_clk_wiz_5_0_axi_lite_ipif
INFO: [VRFC 10-163] Analyzing VHDL file "/home/brainiarc7/designs/vcu_trd/vcu_trd.srcs/sources_1/bd/vcu_trd/ip/vcu_trd_clk_wiz_5_0/vcu_trd_clk_wiz_5_0_clk_wiz_drp.vhd" into library xil_defaultlib
INFO: [VRFC 10-307] analyzing entity vcu_trd_clk_wiz_5_0_clk_wiz_drp
INFO: [VRFC 10-163] Analyzing VHDL file "/home/brainiarc7/designs/vcu_trd/vcu_trd.srcs/sources_1/bd/vcu_trd/ip/vcu_trd_clk_wiz_5_0/vcu_trd_clk_wiz_5_0_axi_clk_config.vhd" into library xil_defaultlib
INFO: [VRFC 10-307] analyzing entity vcu_trd_clk_wiz_5_0_axi_clk_config
