INFO: [VRFC 10-2263] Analyzing Verilog file "/home/brainiarc7/designs/vcu_trd/vcu_trd.srcs/sources_1/bd/vcu_trd/ip/vcu_trd_zynq_ultra_ps_e_0_0/sim/vcu_trd_zynq_ultra_ps_e_0_0_vip_wrapper.v" into library xil_defaultlib
INFO: [VRFC 10-311] analyzing module vcu_trd_zynq_ultra_ps_e_0_0
INFO: [VRFC 10-2458] undeclared symbol pl_clk1, assumed default net type wire [/home/brainiarc7/designs/vcu_trd/vcu_trd.srcs/sources_1/bd/vcu_trd/ip/vcu_trd_zynq_ultra_ps_e_0_0/sim/vcu_trd_zynq_ultra_ps_e_0_0_vip_wrapper.v:568]
INFO: [VRFC 10-2458] undeclared symbol pl_clk2, assumed default net type wire [/home/brainiarc7/designs/vcu_trd/vcu_trd.srcs/sources_1/bd/vcu_trd/ip/vcu_trd_zynq_ultra_ps_e_0_0/sim/vcu_trd_zynq_ultra_ps_e_0_0_vip_wrapper.v:570]
INFO: [VRFC 10-2458] undeclared symbol pl_clk3, assumed default net type wire [/home/brainiarc7/designs/vcu_trd/vcu_trd.srcs/sources_1/bd/vcu_trd/ip/vcu_trd_zynq_ultra_ps_e_0_0/sim/vcu_trd_zynq_ultra_ps_e_0_0_vip_wrapper.v:572]
INFO: [VRFC 10-2458] undeclared symbol saxigp0_racount, assumed default net type wire [/home/brainiarc7/designs/vcu_trd/vcu_trd.srcs/sources_1/bd/vcu_trd/ip/vcu_trd_zynq_ultra_ps_e_0_0/sim/vcu_trd_zynq_ultra_ps_e_0_0_vip_wrapper.v:749]
INFO: [VRFC 10-2458] undeclared symbol saxigp0_wacount, assumed default net type wire [/home/brainiarc7/designs/vcu_trd/vcu_trd.srcs/sources_1/bd/vcu_trd/ip/vcu_trd_zynq_ultra_ps_e_0_0/sim/vcu_trd_zynq_ultra_ps_e_0_0_vip_wrapper.v:750]
INFO: [VRFC 10-2458] undeclared symbol saxigp0_rcount, assumed default net type wire [/home/brainiarc7/designs/vcu_trd/vcu_trd.srcs/sources_1/bd/vcu_trd/ip/vcu_trd_zynq_ultra_ps_e_0_0/sim/vcu_trd_zynq_ultra_ps_e_0_0_vip_wrapper.v:751]
INFO: [VRFC 10-2458] undeclared symbol saxigp0_wcount, assumed default net type wire [/home/brainiarc7/designs/vcu_trd/vcu_trd.srcs/sources_1/bd/vcu_trd/ip/vcu_trd_zynq_ultra_ps_e_0_0/sim/vcu_trd_zynq_ultra_ps_e_0_0_vip_wrapper.v:752]
INFO: [VRFC 10-2458] undeclared symbol saxigp2_racount, assumed default net type wire [/home/brainiarc7/designs/vcu_trd/vcu_trd.srcs/sources_1/bd/vcu_trd/ip/vcu_trd_zynq_ultra_ps_e_0_0/sim/vcu_trd_zynq_ultra_ps_e_0_0_vip_wrapper.v:839]
INFO: [VRFC 10-2458] undeclared symbol saxigp2_wacount, assumed default net type wire [/home/brainiarc7/designs/vcu_trd/vcu_trd.srcs/sources_1/bd/vcu_trd/ip/vcu_trd_zynq_ultra_ps_e_0_0/sim/vcu_trd_zynq_ultra_ps_e_0_0_vip_wrapper.v:840]
INFO: [VRFC 10-2458] undeclared symbol saxigp2_rcount, assumed default net type wire [/home/brainiarc7/designs/vcu_trd/vcu_trd.srcs/sources_1/bd/vcu_trd/ip/vcu_trd_zynq_ultra_ps_e_0_0/sim/vcu_trd_zynq_ultra_ps_e_0_0_vip_wrapper.v:841]
INFO: [VRFC 10-2458] undeclared symbol saxigp2_wcount, assumed default net type wire [/home/brainiarc7/designs/vcu_trd/vcu_trd.srcs/sources_1/bd/vcu_trd/ip/vcu_trd_zynq_ultra_ps_e_0_0/sim/vcu_trd_zynq_ultra_ps_e_0_0_vip_wrapper.v:842]
INFO: [VRFC 10-2458] undeclared symbol saxigp3_racount, assumed default net type wire [/home/brainiarc7/designs/vcu_trd/vcu_trd.srcs/sources_1/bd/vcu_trd/ip/vcu_trd_zynq_ultra_ps_e_0_0/sim/vcu_trd_zynq_ultra_ps_e_0_0_vip_wrapper.v:884]
INFO: [VRFC 10-2458] undeclared symbol saxigp3_wacount, assumed default net type wire [/home/brainiarc7/designs/vcu_trd/vcu_trd.srcs/sources_1/bd/vcu_trd/ip/vcu_trd_zynq_ultra_ps_e_0_0/sim/vcu_trd_zynq_ultra_ps_e_0_0_vip_wrapper.v:885]
INFO: [VRFC 10-2458] undeclared symbol saxigp3_rcount, assumed default net type wire [/home/brainiarc7/designs/vcu_trd/vcu_trd.srcs/sources_1/bd/vcu_trd/ip/vcu_trd_zynq_ultra_ps_e_0_0/sim/vcu_trd_zynq_ultra_ps_e_0_0_vip_wrapper.v:886]
INFO: [VRFC 10-2458] undeclared symbol saxigp3_wcount, assumed default net type wire [/home/brainiarc7/designs/vcu_trd/vcu_trd.srcs/sources_1/bd/vcu_trd/ip/vcu_trd_zynq_ultra_ps_e_0_0/sim/vcu_trd_zynq_ultra_ps_e_0_0_vip_wrapper.v:887]
INFO: [VRFC 10-2458] undeclared symbol saxigp4_racount, assumed default net type wire [/home/brainiarc7/designs/vcu_trd/vcu_trd.srcs/sources_1/bd/vcu_trd/ip/vcu_trd_zynq_ultra_ps_e_0_0/sim/vcu_trd_zynq_ultra_ps_e_0_0_vip_wrapper.v:929]
INFO: [VRFC 10-2458] undeclared symbol saxigp4_wacount, assumed default net type wire [/home/brainiarc7/designs/vcu_trd/vcu_trd.srcs/sources_1/bd/vcu_trd/ip/vcu_trd_zynq_ultra_ps_e_0_0/sim/vcu_trd_zynq_ultra_ps_e_0_0_vip_wrapper.v:930]
INFO: [VRFC 10-2458] undeclared symbol saxigp4_rcount, assumed default net type wire [/home/brainiarc7/designs/vcu_trd/vcu_trd.srcs/sources_1/bd/vcu_trd/ip/vcu_trd_zynq_ultra_ps_e_0_0/sim/vcu_trd_zynq_ultra_ps_e_0_0_vip_wrapper.v:931]
INFO: [VRFC 10-2458] undeclared symbol saxigp4_wcount, assumed default net type wire [/home/brainiarc7/designs/vcu_trd/vcu_trd.srcs/sources_1/bd/vcu_trd/ip/vcu_trd_zynq_ultra_ps_e_0_0/sim/vcu_trd_zynq_ultra_ps_e_0_0_vip_wrapper.v:932]
INFO: [VRFC 10-2458] undeclared symbol saxigp5_racount, assumed default net type wire [/home/brainiarc7/designs/vcu_trd/vcu_trd.srcs/sources_1/bd/vcu_trd/ip/vcu_trd_zynq_ultra_ps_e_0_0/sim/vcu_trd_zynq_ultra_ps_e_0_0_vip_wrapper.v:974]
INFO: [VRFC 10-2458] undeclared symbol saxigp5_wacount, assumed default net type wire [/home/brainiarc7/designs/vcu_trd/vcu_trd.srcs/sources_1/bd/vcu_trd/ip/vcu_trd_zynq_ultra_ps_e_0_0/sim/vcu_trd_zynq_ultra_ps_e_0_0_vip_wrapper.v:975]
INFO: [VRFC 10-2458] undeclared symbol saxigp5_rcount, assumed default net type wire [/home/brainiarc7/designs/vcu_trd/vcu_trd.srcs/sources_1/bd/vcu_trd/ip/vcu_trd_zynq_ultra_ps_e_0_0/sim/vcu_trd_zynq_ultra_ps_e_0_0_vip_wrapper.v:976]
INFO: [VRFC 10-2458] undeclared symbol saxigp5_wcount, assumed default net type wire [/home/brainiarc7/designs/vcu_trd/vcu_trd.srcs/sources_1/bd/vcu_trd/ip/vcu_trd_zynq_ultra_ps_e_0_0/sim/vcu_trd_zynq_ultra_ps_e_0_0_vip_wrapper.v:977]
INFO: [VRFC 10-2263] Analyzing Verilog file "/home/brainiarc7/designs/vcu_trd/vcu_trd.srcs/sources_1/bd/vcu_trd/ip/vcu_trd_gig_ethernet_pcs_pma_0_0/ip_0/sim/gtwizard_ultrascale_v1_7_gthe4_channel.v" into library xil_defaultlib
INFO: [VRFC 10-311] analyzing module gtwizard_ultrascale_v1_7_4_gthe4_channel
INFO: [VRFC 10-2263] Analyzing Verilog file "/home/brainiarc7/designs/vcu_trd/vcu_trd.srcs/sources_1/bd/vcu_trd/ip/vcu_trd_gig_ethernet_pcs_pma_0_0/ip_0/sim/vcu_trd_gig_ethernet_pcs_pma_0_0_gt_gthe4_channel_wrapper.v" into library xil_defaultlib
INFO: [VRFC 10-311] analyzing module vcu_trd_gig_ethernet_pcs_pma_0_0_gt_gthe4_channel_wrapper
INFO: [VRFC 10-2263] Analyzing Verilog file "/home/brainiarc7/designs/vcu_trd/vcu_trd.srcs/sources_1/bd/vcu_trd/ip/vcu_trd_gig_ethernet_pcs_pma_0_0/ip_0/sim/vcu_trd_gig_ethernet_pcs_pma_0_0_gt_gtwizard_gthe4.v" into library xil_defaultlib
INFO: [VRFC 10-311] analyzing module vcu_trd_gig_ethernet_pcs_pma_0_0_gt_gtwizard_gthe4
INFO: [VRFC 10-2263] Analyzing Verilog file "/home/brainiarc7/designs/vcu_trd/vcu_trd.srcs/sources_1/bd/vcu_trd/ip/vcu_trd_gig_ethernet_pcs_pma_0_0/ip_0/sim/vcu_trd_gig_ethernet_pcs_pma_0_0_gt_gtwizard_top.v" into library xil_defaultlib
INFO: [VRFC 10-311] analyzing module vcu_trd_gig_ethernet_pcs_pma_0_0_gt_gtwizard_top
INFO: [VRFC 10-2263] Analyzing Verilog file "/home/brainiarc7/designs/vcu_trd/vcu_trd.srcs/sources_1/bd/vcu_trd/ip/vcu_trd_gig_ethernet_pcs_pma_0_0/ip_0/sim/vcu_trd_gig_ethernet_pcs_pma_0_0_gt.v" into library xil_defaultlib
INFO: [VRFC 10-311] analyzing module vcu_trd_gig_ethernet_pcs_pma_0_0_gt
INFO: [VRFC 10-2263] Analyzing Verilog file "/home/brainiarc7/designs/vcu_trd/vcu_trd.srcs/sources_1/bd/vcu_trd/ip/vcu_trd_gig_ethernet_pcs_pma_0_0/synth/vcu_trd_gig_ethernet_pcs_pma_0_0_resets.v" into library xil_defaultlib
INFO: [VRFC 10-311] analyzing module vcu_trd_gig_ethernet_pcs_pma_0_0_resets
INFO: [VRFC 10-2263] Analyzing Verilog file "/home/brainiarc7/designs/vcu_trd/vcu_trd.srcs/sources_1/bd/vcu_trd/ip/vcu_trd_gig_ethernet_pcs_pma_0_0/synth/vcu_trd_gig_ethernet_pcs_pma_0_0_clocking.v" into library xil_defaultlib
INFO: [VRFC 10-311] analyzing module vcu_trd_gig_ethernet_pcs_pma_0_0_clocking
INFO: [VRFC 10-2263] Analyzing Verilog file "/home/brainiarc7/designs/vcu_trd/vcu_trd.srcs/sources_1/bd/vcu_trd/ip/vcu_trd_gig_ethernet_pcs_pma_0_0/synth/vcu_trd_gig_ethernet_pcs_pma_0_0_support.v" into library xil_defaultlib
INFO: [VRFC 10-311] analyzing module vcu_trd_gig_ethernet_pcs_pma_0_0_support
INFO: [VRFC 10-2263] Analyzing Verilog file "/home/brainiarc7/designs/vcu_trd/vcu_trd.srcs/sources_1/bd/vcu_trd/ip/vcu_trd_gig_ethernet_pcs_pma_0_0/synth/vcu_trd_gig_ethernet_pcs_pma_0_0_reset_sync.v" into library xil_defaultlib
INFO: [VRFC 10-311] analyzing module vcu_trd_gig_ethernet_pcs_pma_0_0_reset_sync
INFO: [VRFC 10-2263] Analyzing Verilog file "/home/brainiarc7/designs/vcu_trd/vcu_trd.srcs/sources_1/bd/vcu_trd/ip/vcu_trd_gig_ethernet_pcs_pma_0_0/synth/vcu_trd_gig_ethernet_pcs_pma_0_0_sync_block.v" into library xil_defaultlib
INFO: [VRFC 10-311] analyzing module vcu_trd_gig_ethernet_pcs_pma_0_0_sync_block
INFO: [VRFC 10-2263] Analyzing Verilog file "/home/brainiarc7/designs/vcu_trd/vcu_trd.srcs/sources_1/bd/vcu_trd/ip/vcu_trd_gig_ethernet_pcs_pma_0_0/synth/transceiver/vcu_trd_gig_ethernet_pcs_pma_0_0_transceiver.v" into library xil_defaultlib
INFO: [VRFC 10-311] analyzing module vcu_trd_gig_ethernet_pcs_pma_0_0_transceiver
INFO: [VRFC 10-2263] Analyzing Verilog file "/home/brainiarc7/designs/vcu_trd/vcu_trd.srcs/sources_1/bd/vcu_trd/ip/vcu_trd_gig_ethernet_pcs_pma_0_0/synth/vcu_trd_gig_ethernet_pcs_pma_0_0_block.v" into library xil_defaultlib
INFO: [VRFC 10-311] analyzing module vcu_trd_gig_ethernet_pcs_pma_0_0_block
INFO: [VRFC 10-2263] Analyzing Verilog file "/home/brainiarc7/designs/vcu_trd/vcu_trd.srcs/sources_1/bd/vcu_trd/ip/vcu_trd_gig_ethernet_pcs_pma_0_0/synth/vcu_trd_gig_ethernet_pcs_pma_0_0.v" into library xil_defaultlib
INFO: [VRFC 10-311] analyzing module vcu_trd_gig_ethernet_pcs_pma_0_0
INFO: [VRFC 10-2263] Analyzing Verilog file "/home/brainiarc7/designs/vcu_trd/vcu_trd.srcs/sources_1/bd/vcu_trd/ip/vcu_trd_clk_wiz_0/vcu_trd_clk_wiz_0_mmcm_pll_drp.v" into library xil_defaultlib
INFO: [VRFC 10-311] analyzing module vcu_trd_clk_wiz_0_mmcm_drp
INFO: [VRFC 10-2263] Analyzing Verilog file "/home/brainiarc7/designs/vcu_trd/vcu_trd.srcs/sources_1/bd/vcu_trd/ip/vcu_trd_clk_wiz_0/vcu_trd_clk_wiz_0_clk_wiz.v" into library xil_defaultlib
INFO: [VRFC 10-311] analyzing module vcu_trd_clk_wiz_0_clk_wiz
INFO: [VRFC 10-2263] Analyzing Verilog file "/home/brainiarc7/designs/vcu_trd/vcu_trd.srcs/sources_1/bd/vcu_trd/ip/vcu_trd_clk_wiz_0/vcu_trd_clk_wiz_0.v" into library xil_defaultlib
INFO: [VRFC 10-311] analyzing module vcu_trd_clk_wiz_0
INFO: [VRFC 10-2263] Analyzing Verilog file "/home/brainiarc7/designs/vcu_trd/vcu_trd.srcs/sources_1/bd/vcu_trd/ip/vcu_trd_clk_wiz_1_0/vcu_trd_clk_wiz_1_0_mmcm_pll_drp.v" into library xil_defaultlib
INFO: [VRFC 10-311] analyzing module vcu_trd_clk_wiz_1_0_mmcm_drp
INFO: [VRFC 10-2263] Analyzing Verilog file "/home/brainiarc7/designs/vcu_trd/vcu_trd.srcs/sources_1/bd/vcu_trd/ip/vcu_trd_clk_wiz_1_0/vcu_trd_clk_wiz_1_0_clk_wiz.v" into library xil_defaultlib
INFO: [VRFC 10-311] analyzing module vcu_trd_clk_wiz_1_0_clk_wiz
INFO: [VRFC 10-2263] Analyzing Verilog file "/home/brainiarc7/designs/vcu_trd/vcu_trd.srcs/sources_1/bd/vcu_trd/ip/vcu_trd_clk_wiz_1_0/vcu_trd_clk_wiz_1_0.v" into library xil_defaultlib
INFO: [VRFC 10-311] analyzing module vcu_trd_clk_wiz_1_0
INFO: [VRFC 10-2263] Analyzing Verilog file "/home/brainiarc7/designs/vcu_trd/vcu_trd.srcs/sources_1/bd/vcu_trd/ip/vcu_trd_clk_wiz_2_0/vcu_trd_clk_wiz_2_0_mmcm_pll_drp.v" into library xil_defaultlib
INFO: [VRFC 10-311] analyzing module vcu_trd_clk_wiz_2_0_mmcm_drp
INFO: [VRFC 10-2263] Analyzing Verilog file "/home/brainiarc7/designs/vcu_trd/vcu_trd.srcs/sources_1/bd/vcu_trd/ip/vcu_trd_clk_wiz_2_0/vcu_trd_clk_wiz_2_0_clk_wiz.v" into library xil_defaultlib
INFO: [VRFC 10-311] analyzing module vcu_trd_clk_wiz_2_0_clk_wiz
INFO: [VRFC 10-2263] Analyzing Verilog file "/home/brainiarc7/designs/vcu_trd/vcu_trd.srcs/sources_1/bd/vcu_trd/ip/vcu_trd_clk_wiz_2_0/vcu_trd_clk_wiz_2_0.v" into library xil_defaultlib
INFO: [VRFC 10-311] analyzing module vcu_trd_clk_wiz_2_0
INFO: [VRFC 10-2263] Analyzing Verilog file "/home/brainiarc7/designs/vcu_trd/vcu_trd.srcs/sources_1/bd/vcu_trd/ip/vcu_trd_clk_wiz_3_0/vcu_trd_clk_wiz_3_0_mmcm_pll_drp.v" into library xil_defaultlib
INFO: [VRFC 10-311] analyzing module vcu_trd_clk_wiz_3_0_mmcm_drp
INFO: [VRFC 10-2263] Analyzing Verilog file "/home/brainiarc7/designs/vcu_trd/vcu_trd.srcs/sources_1/bd/vcu_trd/ip/vcu_trd_clk_wiz_3_0/vcu_trd_clk_wiz_3_0_clk_wiz.v" into library xil_defaultlib
INFO: [VRFC 10-311] analyzing module vcu_trd_clk_wiz_3_0_clk_wiz
INFO: [VRFC 10-2263] Analyzing Verilog file "/home/brainiarc7/designs/vcu_trd/vcu_trd.srcs/sources_1/bd/vcu_trd/ip/vcu_trd_clk_wiz_3_0/vcu_trd_clk_wiz_3_0.v" into library xil_defaultlib
INFO: [VRFC 10-311] analyzing module vcu_trd_clk_wiz_3_0
INFO: [VRFC 10-2263] Analyzing Verilog file "/home/brainiarc7/designs/vcu_trd/vcu_trd.srcs/sources_1/bd/vcu_trd/ip/vcu_trd_clk_wiz_4_0/vcu_trd_clk_wiz_4_0_clk_wiz.v" into library xil_defaultlib
INFO: [VRFC 10-311] analyzing module vcu_trd_clk_wiz_4_0_clk_wiz
INFO: [VRFC 10-2263] Analyzing Verilog file "/home/brainiarc7/designs/vcu_trd/vcu_trd.srcs/sources_1/bd/vcu_trd/ip/vcu_trd_clk_wiz_4_0/vcu_trd_clk_wiz_4_0.v" into library xil_defaultlib
INFO: [VRFC 10-311] analyzing module vcu_trd_clk_wiz_4_0
INFO: [VRFC 10-2263] Analyzing Verilog file "/home/brainiarc7/designs/vcu_trd/vcu_trd.srcs/sources_1/bd/vcu_trd/ip/vcu_trd_vcu_enc0_reg_slice_0/sim/vcu_trd_vcu_enc0_reg_slice_0.v" into library xil_defaultlib
INFO: [VRFC 10-311] analyzing module vcu_trd_vcu_enc0_reg_slice_0
INFO: [VRFC 10-2263] Analyzing Verilog file "/home/brainiarc7/designs/vcu_trd/vcu_trd.srcs/sources_1/bd/vcu_trd/ip/vcu_trd_vcu_enc1_reg_slice_0/sim/vcu_trd_vcu_enc1_reg_slice_0.v" into library xil_defaultlib
INFO: [VRFC 10-311] analyzing module vcu_trd_vcu_enc1_reg_slice_0
INFO: [VRFC 10-2263] Analyzing Verilog file "/home/brainiarc7/designs/vcu_trd/vcu_trd.srcs/sources_1/bd/vcu_trd/ip/vcu_trd_vcu_dec0_reg_slice_0/sim/vcu_trd_vcu_dec0_reg_slice_0.v" into library xil_defaultlib
INFO: [VRFC 10-311] analyzing module vcu_trd_vcu_dec0_reg_slice_0
INFO: [VRFC 10-2263] Analyzing Verilog file "/home/brainiarc7/designs/vcu_trd/vcu_trd.srcs/sources_1/bd/vcu_trd/ip/vcu_trd_vcu_dec1_reg_slice_0/sim/vcu_trd_vcu_dec1_reg_slice_0.v" into library xil_defaultlib
INFO: [VRFC 10-311] analyzing module vcu_trd_vcu_dec1_reg_slice_0
INFO: [VRFC 10-2263] Analyzing Verilog file "/home/brainiarc7/designs/vcu_trd/vcu_trd.srcs/sources_1/bd/vcu_trd/ip/vcu_trd_vcu_mcu_reg_slice_0/sim/vcu_trd_vcu_mcu_reg_slice_0.v" into library xil_defaultlib
INFO: [VRFC 10-311] analyzing module vcu_trd_vcu_mcu_reg_slice_0
INFO: [VRFC 10-2263] Analyzing Verilog file "/home/brainiarc7/designs/vcu_trd/vcu_trd.srcs/sources_1/bd/vcu_trd/ip/vcu_trd_vcu_clk_wiz0_0/vcu_trd_vcu_clk_wiz0_0_clk_wiz.v" into library xil_defaultlib
INFO: [VRFC 10-311] analyzing module vcu_trd_vcu_clk_wiz0_0_clk_wiz
INFO: [VRFC 10-2263] Analyzing Verilog file "/home/brainiarc7/designs/vcu_trd/vcu_trd.srcs/sources_1/bd/vcu_trd/ip/vcu_trd_vcu_clk_wiz0_0/vcu_trd_vcu_clk_wiz0_0.v" into library xil_defaultlib
INFO: [VRFC 10-311] analyzing module vcu_trd_vcu_clk_wiz0_0
INFO: [VRFC 10-2263] Analyzing Verilog file "/home/brainiarc7/designs/vcu_trd/vcu_trd.srcs/sources_1/bd/vcu_trd/ip/vcu_trd_vcu_interrupt_0/sim/vcu_trd_vcu_interrupt_0.v" into library xil_defaultlib
INFO: [VRFC 10-311] analyzing module vcu_trd_vcu_interrupt_0
INFO: [VRFC 10-2263] Analyzing Verilog file "/home/brainiarc7/designs/vcu_trd/vcu_trd.srcs/sources_1/bd/vcu_trd/ip/vcu_trd_clk_wiz_5_0/vcu_trd_clk_wiz_5_0_mmcm_pll_drp.v" into library xil_defaultlib
INFO: [VRFC 10-311] analyzing module vcu_trd_clk_wiz_5_0_mmcm_drp
INFO: [VRFC 10-2263] Analyzing Verilog file "/home/brainiarc7/designs/vcu_trd/vcu_trd.srcs/sources_1/bd/vcu_trd/ip/vcu_trd_clk_wiz_5_0/vcu_trd_clk_wiz_5_0_clk_wiz.v" into library xil_defaultlib
INFO: [VRFC 10-311] analyzing module vcu_trd_clk_wiz_5_0_clk_wiz
INFO: [VRFC 10-2263] Analyzing Verilog file "/home/brainiarc7/designs/vcu_trd/vcu_trd.srcs/sources_1/bd/vcu_trd/ip/vcu_trd_clk_wiz_5_0/vcu_trd_clk_wiz_5_0.v" into library xil_defaultlib
INFO: [VRFC 10-311] analyzing module vcu_trd_clk_wiz_5_0
INFO: [VRFC 10-2263] Analyzing Verilog file "/home/brainiarc7/designs/vcu_trd/vcu_trd.srcs/sources_1/bd/vcu_trd/ip/vcu_trd_clk_wiz_0_0/vcu_trd_clk_wiz_0_0_clk_wiz.v" into library xil_defaultlib
INFO: [VRFC 10-311] analyzing module vcu_trd_clk_wiz_0_0_clk_wiz
INFO: [VRFC 10-2263] Analyzing Verilog file "/home/brainiarc7/designs/vcu_trd/vcu_trd.srcs/sources_1/bd/vcu_trd/ip/vcu_trd_clk_wiz_0_0/vcu_trd_clk_wiz_0_0.v" into library xil_defaultlib
INFO: [VRFC 10-311] analyzing module vcu_trd_clk_wiz_0_0
INFO: [VRFC 10-2263] Analyzing Verilog file "/home/brainiarc7/designs/vcu_trd/vcu_trd.srcs/sources_1/bd/vcu_trd/ip/vcu_trd_xbar_0/sim/vcu_trd_xbar_0.v" into library xil_defaultlib
INFO: [VRFC 10-311] analyzing module vcu_trd_xbar_0
INFO: [VRFC 10-2263] Analyzing Verilog file "/home/brainiarc7/designs/vcu_trd/vcu_trd.srcs/sources_1/bd/vcu_trd/sim/vcu_trd.v" into library xil_defaultlib
INFO: [VRFC 10-311] analyzing module m00_couplers_imp_15YLMJD
INFO: [VRFC 10-311] analyzing module m01_couplers_imp_4LZ38A
INFO: [VRFC 10-311] analyzing module m02_couplers_imp_ILJHCU
INFO: [VRFC 10-311] analyzing module m03_couplers_imp_1IK30F1
INFO: [VRFC 10-311] analyzing module m04_couplers_imp_1RBFB12
INFO: [VRFC 10-311] analyzing module m05_couplers_imp_RMQDAT
INFO: [VRFC 10-311] analyzing module s00_couplers_imp_44DMZZ
INFO: [VRFC 10-311] analyzing module s00_couplers_imp_4FZC1X
INFO: [VRFC 10-311] analyzing module vcu_trd
INFO: [VRFC 10-311] analyzing module vcu_trd_ps8_0_axi_periph_0
INFO: [VRFC 10-311] analyzing module vcu_trd_vcu_axi_lite_0_0
INFO: [VRFC 10-2263] Analyzing Verilog file "/home/brainiarc7/designs/vcu_trd/vcu_trd.srcs/sources_1/bd/vcu_trd/ip/vcu_trd_auto_pc_0/sim/vcu_trd_auto_pc_0.v" into library xil_defaultlib
INFO: [VRFC 10-311] analyzing module vcu_trd_auto_pc_0
INFO: [VRFC 10-2263] Analyzing Verilog file "/home/brainiarc7/designs/vcu_trd/vcu_trd.srcs/sources_1/bd/vcu_trd/hdl/vcu_trd_wrapper.v" into library xil_defaultlib
INFO: [VRFC 10-311] analyzing module vcu_trd_wrapper
INFO: [VRFC 10-2263] Analyzing Verilog file "/home/brainiarc7/designs/vcu_trd/vcu_trd.sim/sim_1/behav/xsim/glbl.v" into library xil_defaultlib
INFO: [VRFC 10-311] analyzing module glbl
